<?xml version="1.0" encoding="UTF-8"?>
<!-- Generated by org.testng.reporters.JUnitReportReporter -->
<testsuite hostname="SUKANNYAG-WIN10" failures="0" tests="3" name="TestRunner.loginPageTest" time="2.784" errors="0" timestamp="2022-08-01T11:28:46 IST" skipped="0">
  <testcase classname="TestRunner.loginPageTest" name="verifyTitle" time="0.039"/>
  <system-out/>
  <testcase classname="TestRunner.loginPageTest" name="LoginButtonTest" time="0.038"/>
  <system-out/>
  <testcase classname="TestRunner.loginPageTest" name="loginClick" time="2.707"/>
  <system-out/>
</testsuite> <!-- TestRunner.loginPageTest -->
