<?xml version="1.0" encoding="UTF-8"?>
<!-- Generated by org.testng.reporters.JUnitReportReporter -->
<testsuite hostname="SUKANNYAG-WIN10" failures="0" tests="4" name="TestRunner.signupPageTest" time="3.127" errors="0" timestamp="2022-07-28T19:54:12 IST" skipped="0">
  <testcase classname="TestRunner.signupPageTest" name="logoTest" time="0.205"/>
  <system-out/>
  <testcase classname="TestRunner.signupPageTest" name="signupButtonClickTest" time="0.121"/>
  <system-out/>
  <testcase classname="TestRunner.signupPageTest" name="signupButtonTest" time="2.778"/>
  <system-out/>
  <testcase classname="TestRunner.signupPageTest" name="signupTest" time="0.023"/>
  <system-out/>
</testsuite> <!-- TestRunner.signupPageTest -->
