<?xml version="1.0" encoding="UTF-8"?>
<!-- Generated by org.testng.reporters.JUnitReportReporter -->
<testsuite hostname="SUKANNYAG-WIN10" failures="0" tests="4" name="TestRunner.signupPageTest" time="3.852" errors="0" timestamp="2022-08-02T18:00:20 IST" skipped="0">
  <testcase classname="TestRunner.signupPageTest" name="logoTest" time="0.402"/>
  <system-out/>
  <testcase classname="TestRunner.signupPageTest" name="signupButtonClickTest" time="0.044"/>
  <system-out/>
  <testcase classname="TestRunner.signupPageTest" name="signupButtonTest" time="3.234"/>
  <system-out/>
  <testcase classname="TestRunner.signupPageTest" name="signupTest" time="0.172"/>
  <system-out/>
</testsuite> <!-- TestRunner.signupPageTest -->
