<?xml version="1.0" encoding="UTF-8"?>
<!-- Generated by org.testng.reporters.JUnitReportReporter -->
<testsuite hostname="SUKANNYAG-WIN10" failures="0" tests="3" name="TestRunner.loginPageTest" time="4.019" errors="0" timestamp="2022-08-02T18:00:20 IST" skipped="0">
  <testcase classname="TestRunner.loginPageTest" name="verifyTitle" time="0.112"/>
  <system-out/>
  <testcase classname="TestRunner.loginPageTest" name="LoginButtonTest" time="0.071"/>
  <system-out/>
  <testcase classname="TestRunner.loginPageTest" name="loginClick" time="3.836"/>
  <system-out/>
</testsuite> <!-- TestRunner.loginPageTest -->
