<?xml version="1.0" encoding="UTF-8"?>
<!-- Generated by org.testng.reporters.JUnitReportReporter -->
<testsuite hostname="SUKANNYAG-WIN10" failures="0" tests="3" name="TestRunner.loginPageTest" time="3.855" errors="0" timestamp="2022-08-01T14:40:34 IST" skipped="0">
  <testcase classname="TestRunner.loginPageTest" name="verifyTitle" time="0.103"/>
  <system-out/>
  <testcase classname="TestRunner.loginPageTest" name="LoginButtonTest" time="0.074"/>
  <system-out/>
  <testcase classname="TestRunner.loginPageTest" name="loginClick" time="3.678"/>
  <system-out/>
</testsuite> <!-- TestRunner.loginPageTest -->
