<?xml version="1.0" encoding="UTF-8"?>
<!-- Generated by org.testng.reporters.JUnitReportReporter -->
<testsuite hostname="SUKANNYAG-WIN10" failures="0" tests="4" name="TestRunner.signupPageTest" time="5.411" errors="0" timestamp="2022-08-02T17:45:07 IST" skipped="0">
  <testcase classname="TestRunner.signupPageTest" name="logoTest" time="0.193"/>
  <system-out/>
  <testcase classname="TestRunner.signupPageTest" name="signupButtonClickTest" time="0.052"/>
  <system-out/>
  <testcase classname="TestRunner.signupPageTest" name="signupButtonTest" time="4.940"/>
  <system-out/>
  <testcase classname="TestRunner.signupPageTest" name="signupTest" time="0.226"/>
  <system-out/>
</testsuite> <!-- TestRunner.signupPageTest -->
