<?xml version="1.0" encoding="UTF-8"?>
<!-- Generated by org.testng.reporters.JUnitReportReporter -->
<testsuite hostname="SUKANNYAG-WIN10" failures="0" tests="3" name="TestRunner.loginPageTest" time="2.979" errors="0" timestamp="2022-08-01T11:41:54 IST" skipped="0">
  <testcase classname="TestRunner.loginPageTest" name="verifyTitle" time="0.044"/>
  <system-out/>
  <testcase classname="TestRunner.loginPageTest" name="LoginButtonTest" time="0.047"/>
  <system-out/>
  <testcase classname="TestRunner.loginPageTest" name="loginClick" time="2.888"/>
  <system-out/>
</testsuite> <!-- TestRunner.loginPageTest -->
