<?xml version="1.0" encoding="UTF-8"?>
<!-- Generated by org.testng.reporters.JUnitReportReporter -->
<testsuite hostname="SUKANNYAG-WIN10" failures="0" tests="4" name="TestRunner.signupPageTest" time="3.624" errors="0" timestamp="2022-08-01T14:40:34 IST" skipped="0">
  <testcase classname="TestRunner.signupPageTest" name="logoTest" time="0.109"/>
  <system-out/>
  <testcase classname="TestRunner.signupPageTest" name="signupButtonClickTest" time="0.054"/>
  <system-out/>
  <testcase classname="TestRunner.signupPageTest" name="signupButtonTest" time="3.307"/>
  <system-out/>
  <testcase classname="TestRunner.signupPageTest" name="signupTest" time="0.154"/>
  <system-out/>
</testsuite> <!-- TestRunner.signupPageTest -->
