<?xml version="1.0" encoding="UTF-8"?>
<!-- Generated by org.testng.reporters.JUnitReportReporter -->
<testsuite hostname="SUKANNYAG-WIN10" failures="0" tests="3" name="TestRunner.loginPageTest" time="0.000" errors="0" timestamp="2022-08-03T13:41:28 IST" skipped="3">
  <testcase classname="TestRunner.loginPageTest" name="verifyTitle" time="0.000">
    <skipped/>
  </testcase> <!-- verifyTitle -->
  <system-out/>
  <testcase classname="TestRunner.loginPageTest" name="LoginButtonTest" time="0.000">
    <skipped/>
  </testcase> <!-- LoginButtonTest -->
  <system-out/>
  <testcase classname="TestRunner.loginPageTest" name="loginClick" time="0.000">
    <skipped/>
  </testcase> <!-- loginClick -->
  <system-out/>
</testsuite> <!-- TestRunner.loginPageTest -->
