<?xml version="1.0" encoding="UTF-8"?>
<!-- Generated by org.testng.reporters.JUnitReportReporter -->
<testsuite hostname="SUKANNYAG-WIN10" failures="0" tests="3" name="TestRunner.loginPageTest" time="3.265" errors="0" timestamp="2022-08-01T11:35:25 IST" skipped="0">
  <testcase classname="TestRunner.loginPageTest" name="verifyTitle" time="0.059"/>
  <system-out/>
  <testcase classname="TestRunner.loginPageTest" name="LoginButtonTest" time="0.046"/>
  <system-out/>
  <testcase classname="TestRunner.loginPageTest" name="loginClick" time="3.160"/>
  <system-out/>
</testsuite> <!-- TestRunner.loginPageTest -->
