<?xml version="1.0" encoding="UTF-8"?>
<!-- Generated by org.testng.reporters.JUnitReportReporter -->
<testsuite hostname="SUKANNYAG-WIN10" failures="0" tests="3" name="TestRunner.loginPageTest" time="4.426" errors="0" timestamp="2022-07-30T10:38:07 IST" skipped="0">
  <testcase classname="TestRunner.loginPageTest" name="verifyTitle" time="0.138"/>
  <system-out/>
  <testcase classname="TestRunner.loginPageTest" name="LoginButtonTest" time="0.094"/>
  <system-out/>
  <testcase classname="TestRunner.loginPageTest" name="loginClick" time="4.194"/>
  <system-out/>
</testsuite> <!-- TestRunner.loginPageTest -->
