<?xml version="1.0" encoding="UTF-8"?>
<!-- Generated by org.testng.reporters.JUnitReportReporter -->
<testsuite hostname="SUKANNYAG-WIN10" failures="0" tests="4" name="TestRunner.signupPageTest" time="3.287" errors="0" timestamp="2022-08-03T12:02:11 IST" skipped="0">
  <testcase classname="TestRunner.signupPageTest" name="logoTest" time="0.169"/>
  <system-out/>
  <testcase classname="TestRunner.signupPageTest" name="signupButtonClickTest" time="0.049"/>
  <system-out/>
  <testcase classname="TestRunner.signupPageTest" name="signupButtonTest" time="2.841"/>
  <system-out/>
  <testcase classname="TestRunner.signupPageTest" name="signupTest" time="0.228"/>
  <system-out/>
</testsuite> <!-- TestRunner.signupPageTest -->
